<?xml version="1.0" encoding="UTF-8"?>
<testng-results ignored="0" total="1" passed="1" failed="0" skipped="0">
  <reporter-output>
  </reporter-output>
  <suite started-at="2022-08-02T12:19:15 IST" name="Default suite" finished-at="2022-08-02T12:19:22 IST" duration-ms="6731">
    <groups>
    </groups>
    <test started-at="2022-08-02T12:19:15 IST" name="Default test" finished-at="2022-08-02T12:19:22 IST" duration-ms="6731">
      <class name="mobile.contactus">
        <test-method signature="contact()[pri:0, instance:mobile.contactus@1151e434]" started-at="2022-08-02T12:19:15 IST" name="contact" finished-at="2022-08-02T12:19:22 IST" duration-ms="6664" status="PASS">
          <reporter-output>
          </reporter-output>
        </test-method> <!-- contact -->
      </class> <!-- mobile.contactus -->
    </test> <!-- Default test -->
  </suite> <!-- Default suite -->
</testng-results>
